[0112/203204:ERROR:browser_main_loop.cc(261)] Gtk: Locale not supported by C library.
	Using the fallback 'C' locale.
[0112/203204:ERROR:browser_main_loop.cc(239)] GTK theme error: Unable to locate theme engine in module_path: "adwaita",
[0112/203204:ERROR:browser_main_loop.cc(239)] GTK theme error: Unable to locate theme engine in module_path: "pixmap",
[0112/203204:ERROR:browser_main_loop.cc(239)] GTK theme error: Unable to locate theme engine in module_path: "pixmap",
[0112/203204:ERROR:browser_main_loop.cc(239)] GTK theme error: Unable to locate theme engine in module_path: "pixmap",
[0112/203204:ERROR:browser_main_loop.cc(239)] GTK theme error: Unable to locate theme engine in module_path: "pixmap",
[0112/203204:ERROR:browser_main_loop.cc(239)] GTK theme error: Unable to locate theme engine in module_path: "pixmap",
[0112/203204:ERROR:browser_main_loop.cc(239)] GTK theme error: Unable to locate theme engine in module_path: "pixmap",
[0112/203204:ERROR:browser_main_loop.cc(239)] GTK theme error: Unable to locate theme engine in module_path: "pixmap",
[0112/203204:ERROR:browser_main_loop.cc(239)] GTK theme error: Unable to locate theme engine in module_path: "pixmap",
[0112/203204:ERROR:browser_main_loop.cc(239)] GTK theme error: Unable to locate theme engine in module_path: "pixmap",
[0112/203204:ERROR:browser_main_loop.cc(239)] GTK theme error: Unable to locate theme engine in module_path: "pixmap",
[0112/203204:ERROR:browser_main_loop.cc(239)] GTK theme error: Unable to locate theme engine in module_path: "pixmap",
[0112/203204:ERROR:browser_main_loop.cc(239)] GTK theme error: Unable to locate theme engine in module_path: "pixmap",
[0112/203204:ERROR:browser_main_loop.cc(239)] GTK theme error: Unable to locate theme engine in module_path: "pixmap",
[0112/203204:ERROR:browser_main_loop.cc(239)] GTK theme error: Unable to locate theme engine in module_path: "pixmap",
[0112/203204:ERROR:browser_main_loop.cc(239)] GTK theme error: Unable to locate theme engine in module_path: "pixmap",
[0112/203204:ERROR:browser_main_loop.cc(239)] GTK theme error: Unable to locate theme engine in module_path: "pixmap",
[0112/203204:ERROR:browser_main_loop.cc(239)] GTK theme error: Unable to locate theme engine in module_path: "pixmap",
[0112/203204:ERROR:browser_main_loop.cc(239)] GTK theme error: Unable to locate theme engine in module_path: "pixmap",
[0112/203204:ERROR:browser_main_loop.cc(239)] GTK theme error: Unable to locate theme engine in module_path: "pixmap",
[0112/203204:ERROR:browser_main_loop.cc(239)] GTK theme error: Unable to locate theme engine in module_path: "adwaita",
[0112/203204:ERROR:browser_main_loop.cc(239)] GTK theme error: Unable to locate theme engine in module_path: "adwaita",
[0112/203204:ERROR:browser_main_loop.cc(239)] GTK theme error: Unable to locate theme engine in module_path: "pixmap",
[0112/203204:ERROR:browser_main_loop.cc(239)] GTK theme error: Unable to locate theme engine in module_path: "pixmap",
[0112/203204:ERROR:browser_main_loop.cc(239)] GTK theme error: Unable to locate theme engine in module_path: "pixmap",
[0112/203204:ERROR:browser_main_loop.cc(239)] GTK theme error: Unable to locate theme engine in module_path: "pixmap",
[0112/203204:ERROR:browser_main_loop.cc(239)] GTK theme error: Unable to locate theme engine in module_path: "pixmap",
[0112/203204:ERROR:browser_main_loop.cc(239)] GTK theme error: Unable to locate theme engine in module_path: "pixmap",
[0112/203204:ERROR:browser_main_loop.cc(239)] GTK theme error: Unable to locate theme engine in module_path: "pixmap",
[0112/203204:ERROR:browser_main_loop.cc(239)] GTK theme error: Unable to locate theme engine in module_path: "pixmap",
[0112/203204:ERROR:browser_main_loop.cc(239)] GTK theme error: Unable to locate theme engine in module_path: "pixmap",
[0112/203204:ERROR:browser_main_loop.cc(239)] GTK theme error: Unable to locate theme engine in module_path: "pixmap",
[0112/203204:ERROR:browser_main_loop.cc(239)] GTK theme error: Unable to locate theme engine in module_path: "pixmap",
[0112/203204:ERROR:browser_main_loop.cc(239)] GTK theme error: Unable to locate theme engine in module_path: "pixmap",
[0112/203204:ERROR:browser_main_loop.cc(239)] GTK theme error: Unable to locate theme engine in module_path: "pixmap",
[0112/203204:ERROR:browser_main_loop.cc(239)] GTK theme error: Unable to locate theme engine in module_path: "pixmap",
[0112/203204:ERROR:browser_main_loop.cc(239)] GTK theme error: Unable to locate theme engine in module_path: "pixmap",
[0112/203204:ERROR:browser_main_loop.cc(239)] GTK theme error: Unable to locate theme engine in module_path: "pixmap",
[0112/203204:ERROR:browser_main_loop.cc(239)] GTK theme error: Unable to locate theme engine in module_path: "pixmap",
[0112/203204:ERROR:browser_main_loop.cc(239)] GTK theme error: Unable to locate theme engine in module_path: "pixmap",
[0112/203204:ERROR:browser_main_loop.cc(239)] GTK theme error: Unable to locate theme engine in module_path: "pixmap",
[0112/203204:ERROR:browser_main_loop.cc(239)] GTK theme error: Unable to locate theme engine in module_path: "adwaita",

(Brackets:81486): GdkPixbuf-WARNING **: 20:32:28.136: Cannot open pixbuf loader module file '/usr/lib/x86_64-linux-gnu/gdk-pixbuf-2.0/2.10.0/loaders.cache': No such file or directory

This likely means that your installation is broken.
Try running the command
  gdk-pixbuf-query-loaders > /usr/lib/x86_64-linux-gnu/gdk-pixbuf-2.0/2.10.0/loaders.cache
to make things work again for the time being.
